<?xml version="1.0" encoding="UTF-8"?>
<testng-results ignored="0" total="1" passed="1" failed="0" skipped="0">
  <reporter-output>
  </reporter-output>
  <suite started-at="2025-05-10T09:45:10 PDT" name="Surefire suite" finished-at="2025-05-10T09:45:47 PDT" duration-ms="36752">
    <groups>
    </groups>
    <test started-at="2025-05-10T09:45:10 PDT" name="Surefire test" finished-at="2025-05-10T09:45:47 PDT" duration-ms="36752">
      <class name="org.arcl.AppTest">
        <test-method is-config="true" signature="setUp()[pri:0, instance:org.arcl.AppTest@55a561cf]" started-at="2025-05-10T09:45:10 PDT" name="setUp" finished-at="2025-05-10T09:45:16 PDT" duration-ms="5553" status="PASS">
          <reporter-output>
          </reporter-output>
        </test-method> <!-- setUp -->
        <test-method signature="shouldAnswerWithTrue()[pri:0, instance:org.arcl.AppTest@55a561cf]" started-at="2025-05-10T09:45:16 PDT" name="shouldAnswerWithTrue" finished-at="2025-05-10T09:45:46 PDT" duration-ms="30602" status="PASS">
          <reporter-output>
          </reporter-output>
        </test-method> <!-- shouldAnswerWithTrue -->
        <test-method is-config="true" signature="tearDown()[pri:0, instance:org.arcl.AppTest@55a561cf]" started-at="2025-05-10T09:45:46 PDT" name="tearDown" finished-at="2025-05-10T09:45:47 PDT" duration-ms="575" status="PASS">
          <reporter-output>
          </reporter-output>
        </test-method> <!-- tearDown -->
      </class> <!-- org.arcl.AppTest -->
    </test> <!-- Surefire test -->
  </suite> <!-- Surefire suite -->
</testng-results>
