<?xml version="1.0" encoding="UTF-8"?>
<testng-results ignored="0" total="1" passed="1" failed="0" skipped="0">
  <reporter-output>
  </reporter-output>
  <suite started-at="2025-04-24T14:47:51 PDT" name="Surefire suite" finished-at="2025-04-24T14:48:27 PDT" duration-ms="36559">
    <groups>
    </groups>
    <test started-at="2025-04-24T14:47:51 PDT" name="Surefire test" finished-at="2025-04-24T14:48:27 PDT" duration-ms="36559">
      <class name="org.arcl.AppTest">
        <test-method is-config="true" signature="setUp()[pri:0, instance:org.arcl.AppTest@55a561cf]" started-at="2025-04-24T14:47:51 PDT" name="setUp" finished-at="2025-04-24T14:47:57 PDT" duration-ms="6029" status="PASS">
          <reporter-output>
          </reporter-output>
        </test-method> <!-- setUp -->
        <test-method signature="shouldAnswerWithTrue()[pri:0, instance:org.arcl.AppTest@55a561cf]" started-at="2025-04-24T14:47:57 PDT" name="shouldAnswerWithTrue" finished-at="2025-04-24T14:48:27 PDT" duration-ms="29895" status="PASS">
          <reporter-output>
          </reporter-output>
        </test-method> <!-- shouldAnswerWithTrue -->
        <test-method is-config="true" signature="tearDown()[pri:0, instance:org.arcl.AppTest@55a561cf]" started-at="2025-04-24T14:48:27 PDT" name="tearDown" finished-at="2025-04-24T14:48:27 PDT" duration-ms="612" status="PASS">
          <reporter-output>
          </reporter-output>
        </test-method> <!-- tearDown -->
      </class> <!-- org.arcl.AppTest -->
    </test> <!-- Surefire test -->
  </suite> <!-- Surefire suite -->
</testng-results>
